<?xml version="1.0" encoding="utf-8"?><testsuites name="pytest tests"><testsuite name="pytest" errors="0" failures="0" skipped="0" tests="4" time="7.194" timestamp="2026-05-11T21:46:46.257860-04:00" hostname="StephenacStudio.lan"><testcase classname="tests.unit.test_hermes_gui" name="test_hermes_gui_endpoints" time="1.188" /><testcase classname="tests.unit.test_hermes_gui" name="test_visual_plane_filters_process_language" time="0.001" /><testcase classname="tests.unit.test_hermes_gui" name="test_chat_prompt_prefers_finished_content" time="0.001" /><testcase classname="tests.unit.test_hermes_gui" name="test_turn_runner_pushes_live_screen_updates" time="0.046" /></testsuite></testsuites>